E:\WORK SPACE\COCOS2D-2.0-X-2.0.4\HOMECOMING\PROJ.WIN32\DEBUG.WIN32\MAPSPRITE02.OBJ
E:\WORK SPACE\COCOS2D-2.0-X-2.0.4\HOMECOMING\PROJ.WIN32\DEBUG.WIN32\MAPSPRITE03.OBJ
E:\WORK SPACE\COCOS2D-2.0-X-2.0.4\HOMECOMING\PROJ.WIN32\DEBUG.WIN32\MAPSPRITE04.OBJ
E:\WORK SPACE\COCOS2D-2.0-X-2.0.4\HOMECOMING\PROJ.WIN32\DEBUG.WIN32\MAPSPRITE05.OBJ
E:\WORK SPACE\COCOS2D-2.0-X-2.0.4\HOMECOMING\PROJ.WIN32\DEBUG.WIN32\MAPSPRITE06.OBJ
E:\WORK SPACE\COCOS2D-2.0-X-2.0.4\HOMECOMING\PROJ.WIN32\DEBUG.WIN32\MAPSPRITE07.OBJ
E:\WORK SPACE\COCOS2D-2.0-X-2.0.4\HOMECOMING\PROJ.WIN32\DEBUG.WIN32\MAPSPRITE08.OBJ
E:\WORK SPACE\COCOS2D-2.0-X-2.0.4\HOMECOMING\PROJ.WIN32\DEBUG.WIN32\MAPSPRITE09.OBJ
E:\WORK SPACE\COCOS2D-2.0-X-2.0.4\HOMECOMING\PROJ.WIN32\DEBUG.WIN32\MAPSPRITE10.OBJ
E:\WORK SPACE\COCOS2D-2.0-X-2.0.4\HOMECOMING\PROJ.WIN32\DEBUG.WIN32\MAPSPRITE12.OBJ
E:\WORK SPACE\COCOS2D-2.0-X-2.0.4\HOMECOMING\PROJ.WIN32\DEBUG.WIN32\MAPSPRITE13.OBJ
E:\WORK SPACE\COCOS2D-2.0-X-2.0.4\HOMECOMING\PROJ.WIN32\DEBUG.WIN32\MAPSPRITE14.OBJ
E:\WORK SPACE\COCOS2D-2.0-X-2.0.4\HOMECOMING\PROJ.WIN32\DEBUG.WIN32\MAPSPRITE15.OBJ
E:\WORK SPACE\COCOS2D-2.0-X-2.0.4\HOMECOMING\PROJ.WIN32\DEBUG.WIN32\MAPSPRITE16.OBJ
E:\WORK SPACE\COCOS2D-2.0-X-2.0.4\HOMECOMING\PROJ.WIN32\DEBUG.WIN32\MAPSPRITE17.OBJ
E:\WORK SPACE\COCOS2D-2.0-X-2.0.4\HOMECOMING\PROJ.WIN32\DEBUG.WIN32\MENUITEMIMAGESUB.OBJ
E:\WORK SPACE\COCOS2D-2.0-X-2.0.4\HOMECOMING\PROJ.WIN32\DEBUG.WIN32\MENUSENCE.OBJ
E:\WORK SPACE\COCOS2D-2.0-X-2.0.4\HOMECOMING\PROJ.WIN32\DEBUG.WIN32\MENUSTARTL.OBJ
E:\WORK SPACE\COCOS2D-2.0-X-2.0.4\HOMECOMING\PROJ.WIN32\DEBUG.WIN32\MISSIONSELECTL.OBJ
E:\WORK SPACE\COCOS2D-2.0-X-2.0.4\HOMECOMING\PROJ.WIN32\DEBUG.WIN32\MAIN.OBJ
E:\WORK SPACE\COCOS2D-2.0-X-2.0.4\HOMECOMING\PROJ.WIN32\DEBUG.WIN32\APPDELEGATE.OBJ
E:\WORK SPACE\COCOS2D-2.0-X-2.0.4\HOMECOMING\PROJ.WIN32\DEBUG.WIN32\ACTIONSPRITE.OBJ
E:\WORK SPACE\COCOS2D-2.0-X-2.0.4\HOMECOMING\PROJ.WIN32\DEBUG.WIN32\GAMINGS.OBJ
E:\WORK SPACE\COCOS2D-2.0-X-2.0.4\HOMECOMING\PROJ.WIN32\DEBUG.WIN32\MAP.OBJ
E:\WORK SPACE\COCOS2D-2.0-X-2.0.4\HOMECOMING\PROJ.WIN32\DEBUG.WIN32\PAUSEL.OBJ
E:\WORK SPACE\COCOS2D-2.0-X-2.0.4\HOMECOMING\PROJ.WIN32\DEBUG.WIN32\SIMPLEDPAD.OBJ
E:\WORK SPACE\COCOS2D-2.0-X-2.0.4\HOMECOMING\PROJ.WIN32\DEBUG.WIN32\GAMEMANAGER.OBJ
E:\WORK SPACE\COCOS2D-2.0-X-2.0.4\HOMECOMING\PROJ.WIN32\DEBUG.WIN32\USERDATA.OBJ
E:\WORK SPACE\COCOS2D-2.0-X-2.0.4\HOMECOMING\PROJ.WIN32\DEBUG.WIN32\MAPSPRITE.OBJ
E:\WORK SPACE\COCOS2D-2.0-X-2.0.4\HOMECOMING\PROJ.WIN32\DEBUG.WIN32\VC110.PDB
E:\WORK SPACE\COCOS2D-2.0-X-2.0.4\HOMECOMING\PROJ.WIN32\DEBUG.WIN32\HOMECOMING.RES
E:\Work Space\cocos2d-2.0-x-2.0.4\Homecoming\proj.win32\Debug.win32\ActionSprite.obj
E:\Work Space\cocos2d-2.0-x-2.0.4\Homecoming\proj.win32\Debug.win32\AppDelegate.obj
E:\Work Space\cocos2d-2.0-x-2.0.4\Homecoming\proj.win32\Debug.win32\GameManager.obj
E:\Work Space\cocos2d-2.0-x-2.0.4\Homecoming\proj.win32\Debug.win32\GamingS.obj
E:\Work Space\cocos2d-2.0-x-2.0.4\Homecoming\proj.win32\Debug.win32\main.obj
E:\Work Space\cocos2d-2.0-x-2.0.4\Homecoming\proj.win32\Debug.win32\Map.obj
E:\Work Space\cocos2d-2.0-x-2.0.4\Homecoming\proj.win32\Debug.win32\MapSprite.obj
E:\Work Space\cocos2d-2.0-x-2.0.4\Homecoming\proj.win32\Debug.win32\MapSprite02.obj
E:\Work Space\cocos2d-2.0-x-2.0.4\Homecoming\proj.win32\Debug.win32\MapSprite03.obj
E:\Work Space\cocos2d-2.0-x-2.0.4\Homecoming\proj.win32\Debug.win32\MapSprite04.obj
E:\Work Space\cocos2d-2.0-x-2.0.4\Homecoming\proj.win32\Debug.win32\MapSprite05.obj
E:\Work Space\cocos2d-2.0-x-2.0.4\Homecoming\proj.win32\Debug.win32\MapSprite06.obj
E:\Work Space\cocos2d-2.0-x-2.0.4\Homecoming\proj.win32\Debug.win32\MapSprite07.obj
E:\Work Space\cocos2d-2.0-x-2.0.4\Homecoming\proj.win32\Debug.win32\MapSprite08.obj
E:\Work Space\cocos2d-2.0-x-2.0.4\Homecoming\proj.win32\Debug.win32\MapSprite09.obj
E:\Work Space\cocos2d-2.0-x-2.0.4\Homecoming\proj.win32\Debug.win32\MapSprite10.obj
E:\Work Space\cocos2d-2.0-x-2.0.4\Homecoming\proj.win32\Debug.win32\MapSprite12.obj
E:\Work Space\cocos2d-2.0-x-2.0.4\Homecoming\proj.win32\Debug.win32\MapSprite13.obj
E:\Work Space\cocos2d-2.0-x-2.0.4\Homecoming\proj.win32\Debug.win32\MapSprite14.obj
E:\Work Space\cocos2d-2.0-x-2.0.4\Homecoming\proj.win32\Debug.win32\MapSprite15.obj
E:\Work Space\cocos2d-2.0-x-2.0.4\Homecoming\proj.win32\Debug.win32\MapSprite16.obj
E:\Work Space\cocos2d-2.0-x-2.0.4\Homecoming\proj.win32\Debug.win32\MapSprite17.obj
E:\Work Space\cocos2d-2.0-x-2.0.4\Homecoming\proj.win32\Debug.win32\MenuItemImageSub.obj
E:\Work Space\cocos2d-2.0-x-2.0.4\Homecoming\proj.win32\Debug.win32\MenuSence.obj
E:\Work Space\cocos2d-2.0-x-2.0.4\Homecoming\proj.win32\Debug.win32\MenuStartL.obj
E:\Work Space\cocos2d-2.0-x-2.0.4\Homecoming\proj.win32\Debug.win32\MissionSelectL.obj
E:\Work Space\cocos2d-2.0-x-2.0.4\Homecoming\proj.win32\Debug.win32\PauseL.obj
E:\Work Space\cocos2d-2.0-x-2.0.4\Homecoming\proj.win32\Debug.win32\SimpleDPad.obj
E:\Work Space\cocos2d-2.0-x-2.0.4\Homecoming\proj.win32\Debug.win32\UserData.obj
E:\Work Space\cocos2d-2.0-x-2.0.4\Homecoming\proj.win32\Debug.win32\cl.command.1.tlog
E:\Work Space\cocos2d-2.0-x-2.0.4\Homecoming\proj.win32\Debug.win32\CL.read.1.tlog
E:\Work Space\cocos2d-2.0-x-2.0.4\Homecoming\proj.win32\Debug.win32\CL.write.1.tlog
E:\Work Space\cocos2d-2.0-x-2.0.4\Homecoming\proj.win32\Debug.win32\link.command.1.tlog
E:\Work Space\cocos2d-2.0-x-2.0.4\Homecoming\proj.win32\Debug.win32\link.read.1.tlog
E:\Work Space\cocos2d-2.0-x-2.0.4\Homecoming\proj.win32\Debug.win32\link.write.1.tlog
E:\Work Space\cocos2d-2.0-x-2.0.4\Homecoming\proj.win32\Debug.win32\rc.command.1.tlog
E:\Work Space\cocos2d-2.0-x-2.0.4\Homecoming\proj.win32\Debug.win32\rc.read.1.tlog
E:\Work Space\cocos2d-2.0-x-2.0.4\Homecoming\proj.win32\Debug.win32\rc.write.1.tlog
E:\Work Space\cocos2d-2.0-x-2.0.4\Homecoming\proj.win32\Debug.win32\Homecoming.res
E:\Work Space\cocos2d-2.0-x-2.0.4\Homecoming\proj.win32\Debug.win32\vc110.idb
E:\Work Space\cocos2d-2.0-x-2.0.4\Homecoming\proj.win32\Debug.win32\vc110.pdb
